<?xml version="1.0" encoding="UTF-8"?>
<testng-results ignored="0" total="1" passed="1" failed="0" skipped="0">
  <reporter-output>
  </reporter-output>
  <suite started-at="2023-11-07T03:39:04 EST" name="Default suite" finished-at="2023-11-07T03:39:11 EST" duration-ms="6762">
    <groups>
    </groups>
    <test started-at="2023-11-07T03:39:04 EST" name="Default test" finished-at="2023-11-07T03:39:11 EST" duration-ms="6762">
      <class name="residentPageTest.ResidentPageTest">
        <test-method is-config="true" signature="setup()[pri:0, instance:residentPageTest.ResidentPageTest@5ab956d7]" started-at="2023-11-07T03:39:04 EST" name="setup" finished-at="2023-11-07T03:39:08 EST" duration-ms="3580" status="PASS">
          <reporter-output>
          </reporter-output>
        </test-method> <!-- setup -->
        <test-method signature="clickResidentPageTest()[pri:0, instance:residentPageTest.ResidentPageTest@5ab956d7]" started-at="2023-11-07T03:39:08 EST" name="clickResidentPageTest" finished-at="2023-11-07T03:39:11 EST" duration-ms="3051" status="PASS">
          <reporter-output>
          </reporter-output>
        </test-method> <!-- clickResidentPageTest -->
        <test-method is-config="true" signature="tearUp()[pri:0, instance:residentPageTest.ResidentPageTest@5ab956d7]" started-at="2023-11-07T03:39:11 EST" name="tearUp" finished-at="2023-11-07T03:39:11 EST" duration-ms="97" status="PASS">
          <reporter-output>
          </reporter-output>
        </test-method> <!-- tearUp -->
      </class> <!-- residentPageTest.ResidentPageTest -->
    </test> <!-- Default test -->
  </suite> <!-- Default suite -->
</testng-results>
